<?xml version="1.0" encoding="UTF-8"?>
<testsuite name="Run on Chrome"
           tests="7"
           failures="0"
           errors="0"
           skipped="0"
           time="1.561">
  <properties />
  
  
            <testcase name="CP06_Confirm_Password_Cannot_Be_Empty" time="0.311" classname="user.ChangePassword" />
                <testcase name="CP05_New_Password_Cannot_Have_String_Password" time="0.212" classname="user.ChangePassword" />
                <testcase name="CP01_Old_Password_Cannot_Be_Empty" time="0.244" classname="user.ChangePassword" />
                <testcase name="CP04_New_Password_Must_Have_One_Special_Character" time="0.210" classname="user.ChangePassword" />
                <testcase name="CP03_New_Password_Must_Have_One_Numeric_Value" time="0.156" classname="user.ChangePassword" />
                <testcase name="CP07_Confirm_Password_And_New_Password_Must_Be_Matched" time="0.211" classname="user.ChangePassword" />
                <testcase name="CP02_New_Password_Cannot_Be_Empty" time="0.217" classname="user.ChangePassword" />
      
</testsuite>
